<?xml version="1.0" encoding="UTF-8"?>
<!-- Generated by org.testng.reporters.JUnitReportReporter -->
<testsuite hostname="LAPTOP-FUMD4CGA" name="Academy.Loginpage" tests="1" failures="0" timestamp="28 Apr 2020 04:24:15 GMT" time="15.934" errors="0">
  <testcase name="Loginpage" time="15.934" classname="Academy.Loginpage"/>
</testsuite> <!-- Academy.Loginpage -->
