<?xml version="1.0" encoding="UTF-8"?>
<!-- Generated by org.testng.reporters.JUnitReportReporter -->
<testsuite hostname="LAPTOP-FUMD4CGA" name="Academy.Searchboxassertion" tests="1" failures="0" timestamp="30 Apr 2020 02:17:48 GMT" time="0.712" errors="0">
  <testcase name="searchAssertion" time="0.712" classname="Academy.Searchboxassertion"/>
</testsuite> <!-- Academy.Searchboxassertion -->
