<?xml version="1.0" encoding="UTF-8"?>
<!-- Generated by org.testng.reporters.JUnitReportReporter -->
<testsuite hostname="LAPTOP-FUMD4CGA" name="Academy.Base" tests="1" failures="0" timestamp="28 Apr 2020 04:01:03 GMT" time="13.171" errors="0">
  <testcase name="Initialisebrowser" time="13.171" classname="Academy.Base"/>
</testsuite> <!-- Academy.Base -->
