<?xml version="1.0" encoding="UTF-8"?>
<!-- Generated by org.testng.reporters.JUnitReportReporter -->
<testsuite skipped="0" hostname="LAPTOP-FUMD4CGA" name="Academy.HomePage" tests="2" failures="0" timestamp="2020-05-04T02:01:49 EDT" time="18.598" errors="0">
  <testcase name="Home" time="9.630" classname="Academy.HomePage"/>
  <system-out/>
  <testcase name="Home" time="8.968" classname="Academy.HomePage"/>
  <system-out/>
</testsuite> <!-- Academy.HomePage -->
