<?xml version="1.0" encoding="UTF-8"?>
<!-- Generated by org.testng.reporters.JUnitReportReporter -->
<testsuite skipped="0" hostname="LAPTOP-FUMD4CGA" name="Academy.Searchboxassertion" tests="1" failures="0" timestamp="2020-05-04T02:01:49 EDT" time="1.077" errors="0">
  <testcase name="searchAssertion" time="1.077" classname="Academy.Searchboxassertion"/>
  <system-out/>
</testsuite> <!-- Academy.Searchboxassertion -->
